<?xml version="1.0" encoding="UTF-8"?>
<!-- Generated by org.testng.reporters.JUnitReportReporter -->
<testsuite hostname="DESKTOP-GO6GOPM" failures="0" tests="1" name="Practice_Maven.DataTest" time="0.012" errors="0" timestamp="2023-01-18T12:47:18 IST" skipped="0">
  <testcase classname="Practice_Maven.DataTest" name="connectToDB" time="0.012"/>
  <system-out/>
</testsuite> <!-- Practice_Maven.DataTest -->
