<?xml version="1.0" encoding="UTF-8"?>
<!-- Generated by org.testng.reporters.JUnitReportReporter -->
<testsuite hostname="DESKTOP-GO6GOPM" failures="0" tests="1" name="Practice_Maven.Data" time="0.014" errors="0" timestamp="2023-01-18T12:16:51 IST" skipped="0">
  <testcase classname="Practice_Maven.Data" name="connectToDB" time="0.014"/>
  <system-out/>
</testsuite> <!-- Practice_Maven.Data -->
